#
# A fatal error has been detected by the Java Runtime Environment:
#
#  EXCEPTION_ACCESS_VIOLATION (0xc0000005) at pc=0x00000000770fa1c5, pid=13948, tid=13036
#
# JRE version: Java(TM) SE Runtime Environment (8.0_40-b25) (build 1.8.0_40-b25)
# Java VM: Java HotSpot(TM) 64-Bit Server VM (25.40-b25 mixed mode windows-amd64 compressed oops)
# Problematic frame:
# C  [ntdll.dll+0x2a1c5]
#
# Failed to write core dump. Minidumps are not enabled by default on client versions of Windows
#
# If you would like to submit a bug report, please visit:
#   http://bugreport.java.com/bugreport/crash.jsp
#

---------------  T H R E A D  ---------------

Current thread (0x000000001d4e1800):  JavaThread "JDWP Transport Listener: dt_socket" daemon [_thread_in_vm, id=13036, stack(0x000000001dde0000,0x000000001dee0000)]

siginfo: ExceptionCode=0xc0000005, reading address 0x00000022d73314b8

Registers:
RAX=0x000000001e5e8640, RBX=0x00000022d73314b0, RCX=0x000000ffffffffff, RDX=0x0000000000000000
RSP=0x000000001dedf0b0, RBP=0x000000001f828210, RSI=0x0000000000000000, RDI=0x0000000000000000
R8 =0x000000001f828200, R9 =0x0000000000000003, R10=0x00000000000000a9, R11=0x000001230002000b
R12=0x00000000023d0000, R13=0x000000001d4d7cb8, R14=0x0000000000000000, R15=0x0000000000000000
RIP=0x00000000770fa1c5, EFLAGS=0x0000000000010202

Top of Stack: (sp=0x000000001dedf0b0)
0x000000001dedf0b0:   000000001d4d90c0 000000006f87b641
0x000000001dedf0c0:   0000000000000048 0000000000000007
0x000000001dedf0d0:   000000001d4d78d0 0000000077538d17
0x000000001dedf0e0:   0000000000000048 000000006f798fbc
0x000000001dedf0f0:   0000000000000000 0000000000000000
0x000000001dedf100:   0000000000000000 000000000230c600
0x000000001dedf110:   000000001f828210 000000001dedf290
0x000000001dedf120:   000000001d4e1800 0000000076fd1a0a
0x000000001dedf130:   000000001d4e1800 000000001d4d7cb8
0x000000001dedf140:   000000001d4d7cb8 000000000230c600
0x000000001dedf150:   000000001d4e1800 0000000077538d94
0x000000001dedf160:   000000000230c600 000000001dedf260
0x000000001dedf170:   0000000000000000 000000001d4d7cb8
0x000000001dedf180:   000000001d4e1800 000000006f800fe9
0x000000001dedf190:   000000000230c600 000000006eb19155
0x000000001dedf1a0:   000000001d4e1800 000000001d4e1800 

Instructions: (pc=0x00000000770fa1c5)
0x00000000770fa1a5:   ff ff 00 00 00 49 33 dc 48 23 c1 48 c1 eb 04 48
0x00000000770fa1b5:   33 d8 48 33 1d da 33 10 00 48 c1 e3 04 0f 0d 0b
0x00000000770fa1c5:   48 8b 7b 08 49 bd 01 00 00 00 01 00 00 00 49 be
0x00000000770fa1d5:   ff 7f 00 00 ff ff ff ff 41 c6 40 0f 80 41 88 70 


Register to memory mapping:

RAX=0x000000001e5e8640 is an unknown value
RBX=0x00000022d73314b0 is an unknown value
RCX=0x000000ffffffffff is an unknown value
RDX=0x0000000000000000 is an unknown value
RSP=0x000000001dedf0b0 is pointing into the stack for thread: 0x000000001d4e1800
RBP=0x000000001f828210 is an unknown value
RSI=0x0000000000000000 is an unknown value
RDI=0x0000000000000000 is an unknown value
R8 =0x000000001f828200 is an unknown value
R9 =0x0000000000000003 is an unknown value
R10=0x00000000000000a9 is an unknown value
R11=0x000001230002000b is an unknown value
R12=0x00000000023d0000 is an unknown value
R13=0x000000001d4d7cb8 is an unknown value
R14=0x0000000000000000 is an unknown value
R15=0x0000000000000000 is an unknown value


Stack: [0x000000001dde0000,0x000000001dee0000],  sp=0x000000001dedf0b0,  free space=1020k
Native frames: (J=compiled Java code, j=interpreted, Vv=VM code, C=native code)
C  [ntdll.dll+0x2a1c5]
C  [kernel32.dll+0x21a0a]
C  [msvcr100.dll+0x68d94]
V  [jvm.dll+0x1a0fe9]
V  [jvm.dll+0x32c666]
C  [jdwp.dll+0x2291e]
C  [jdwp.dll+0x5453]
C  [jdwp.dll+0x5571]
C  [jdwp.dll+0xf0a8]
C  [jdwp.dll+0x1f2d5]
C  [jdwp.dll+0x1f4aa]
V  [jvm.dll+0x1bad48]
V  [jvm.dll+0x241914]
V  [jvm.dll+0x29848a]
C  [msvcr100.dll+0x21d9f]
C  [msvcr100.dll+0x21e3b]
C  [kernel32.dll+0x159cd]
C  [ntdll.dll+0x5383d]


---------------  P R O C E S S  ---------------

Java Threads: ( => current thread )
  0x000000002248a000 JavaThread "pool-3-thread-2" [_thread_blocked, id=17952, stack(0x0000000029530000,0x0000000029630000)]
  0x000000001f9f0800 JavaThread "ActiveMQ InactivityMonitor Worker" daemon [_thread_blocked, id=14868, stack(0x00000000264c0000,0x00000000265c0000)]
  0x0000000022292800 JavaThread "pool-2-thread-2" [_thread_blocked, id=11228, stack(0x0000000026610000,0x0000000026710000)]
  0x000000002248a800 JavaThread "System Clock" daemon [_thread_blocked, id=17960, stack(0x000000002b090000,0x000000002b190000)]
  0x000000001f9f0000 JavaThread "pool-3-thread-1" [_thread_blocked, id=16728, stack(0x000000002acc0000,0x000000002adc0000)]
  0x000000001f9f2000 JavaThread "lettuce-nioEventLoop-4-1" daemon [_thread_in_native, id=15340, stack(0x000000001edc0000,0x000000001eec0000)]
  0x000000001f9f1800 JavaThread "pool-1-thread-1" [_thread_blocked, id=17984, stack(0x0000000028d30000,0x0000000028e30000)]
  0x0000000022488800 JavaThread "DestroyJavaVM" [_thread_blocked, id=16640, stack(0x0000000002400000,0x0000000002500000)]
  0x0000000022487800 JavaThread "http-nio-8080-AsyncTimeout" daemon [_thread_blocked, id=17068, stack(0x00000000293a0000,0x00000000294a0000)]
  0x0000000022487000 JavaThread "http-nio-8080-Acceptor-0" daemon [_thread_in_native, id=17916, stack(0x0000000029280000,0x0000000029380000)]
  0x0000000022486000 JavaThread "http-nio-8080-ClientPoller-1" daemon [_thread_in_native, id=18412, stack(0x0000000029150000,0x0000000029250000)]
  0x0000000022475000 JavaThread "http-nio-8080-ClientPoller-0" daemon [_thread_in_native, id=17664, stack(0x0000000028b00000,0x0000000028c00000)]
  0x0000000022474000 JavaThread "http-nio-8080-exec-30" daemon [_thread_blocked, id=17524, stack(0x0000000028fa0000,0x00000000290a0000)]
  0x0000000022473800 JavaThread "http-nio-8080-exec-29" daemon [_thread_blocked, id=17712, stack(0x0000000028e40000,0x0000000028f40000)]
  0x0000000022472800 JavaThread "http-nio-8080-exec-28" daemon [_thread_blocked, id=11856, stack(0x0000000028c20000,0x0000000028d20000)]
  0x0000000022472000 JavaThread "http-nio-8080-exec-27" daemon [_thread_blocked, id=16844, stack(0x00000000287f0000,0x00000000288f0000)]
  0x0000000022471000 JavaThread "http-nio-8080-exec-26" daemon [_thread_blocked, id=11372, stack(0x0000000028990000,0x0000000028a90000)]
  0x0000000022470800 JavaThread "http-nio-8080-exec-25" daemon [_thread_blocked, id=13876, stack(0x00000000286e0000,0x00000000287e0000)]
  0x000000002246f800 JavaThread "http-nio-8080-exec-24" daemon [_thread_blocked, id=16784, stack(0x0000000028560000,0x0000000028660000)]
  0x000000002246f000 JavaThread "http-nio-8080-exec-23" daemon [_thread_blocked, id=15528, stack(0x00000000274a0000,0x00000000275a0000)]
  0x000000002246e000 JavaThread "http-nio-8080-exec-22" daemon [_thread_blocked, id=17648, stack(0x00000000282f0000,0x00000000283f0000)]
  0x000000002245e000 JavaThread "http-nio-8080-exec-21" daemon [_thread_blocked, id=17536, stack(0x0000000028460000,0x0000000028560000)]
  0x000000002245d000 JavaThread "http-nio-8080-exec-20" daemon [_thread_blocked, id=12644, stack(0x00000000281e0000,0x00000000282e0000)]
  0x000000002245c800 JavaThread "http-nio-8080-exec-19" daemon [_thread_blocked, id=15704, stack(0x0000000028030000,0x0000000028130000)]
  0x000000002245b800 JavaThread "http-nio-8080-exec-18" daemon [_thread_blocked, id=17340, stack(0x0000000027e60000,0x0000000027f60000)]
  0x000000002245b000 JavaThread "http-nio-8080-exec-17" daemon [_thread_blocked, id=17804, stack(0x0000000027bb0000,0x0000000027cb0000)]
  0x000000002245a000 JavaThread "http-nio-8080-exec-16" daemon [_thread_blocked, id=17184, stack(0x0000000027cd0000,0x0000000027dd0000)]
  0x0000000022459800 JavaThread "http-nio-8080-exec-15" daemon [_thread_blocked, id=18424, stack(0x0000000027a80000,0x0000000027b80000)]
  0x0000000022458800 JavaThread "http-nio-8080-exec-14" daemon [_thread_blocked, id=18080, stack(0x0000000027960000,0x0000000027a60000)]
  0x0000000022458000 JavaThread "http-nio-8080-exec-13" daemon [_thread_blocked, id=12148, stack(0x0000000026e70000,0x0000000026f70000)]
  0x0000000022457000 JavaThread "http-nio-8080-exec-12" daemon [_thread_blocked, id=13640, stack(0x0000000027860000,0x0000000027960000)]
  0x000000002244c000 JavaThread "http-nio-8080-exec-11" daemon [_thread_blocked, id=18164, stack(0x0000000027760000,0x0000000027860000)]
  0x000000002244b000 JavaThread "http-nio-8080-exec-10" daemon [_thread_blocked, id=13628, stack(0x00000000275b0000,0x00000000276b0000)]
  0x000000002244a800 JavaThread "http-nio-8080-exec-9" daemon [_thread_blocked, id=13952, stack(0x0000000027390000,0x0000000027490000)]
  0x0000000022449800 JavaThread "http-nio-8080-exec-8" daemon [_thread_blocked, id=18220, stack(0x0000000027220000,0x0000000027320000)]
  0x0000000022449000 JavaThread "http-nio-8080-exec-7" daemon [_thread_blocked, id=18160, stack(0x0000000027120000,0x0000000027220000)]
  0x0000000022448000 JavaThread "http-nio-8080-exec-6" daemon [_thread_blocked, id=18200, stack(0x0000000026fe0000,0x00000000270e0000)]
  0x0000000022447800 JavaThread "http-nio-8080-exec-5" daemon [_thread_blocked, id=14840, stack(0x0000000026d30000,0x0000000026e30000)]
  0x0000000022446800 JavaThread "http-nio-8080-exec-4" daemon [_thread_blocked, id=14572, stack(0x0000000026b70000,0x0000000026c70000)]
  0x0000000022446000 JavaThread "http-nio-8080-exec-3" daemon [_thread_blocked, id=14784, stack(0x00000000269c0000,0x0000000026ac0000)]
  0x0000000022445000 JavaThread "http-nio-8080-exec-2" daemon [_thread_blocked, id=18272, stack(0x0000000026250000,0x0000000026350000)]
  0x0000000022294000 JavaThread "http-nio-8080-exec-1" daemon [_thread_blocked, id=18068, stack(0x00000000268c0000,0x00000000269c0000)]
  0x0000000022293000 JavaThread "NioBlockingSelector.BlockPoller-1" daemon [_thread_in_native, id=18032, stack(0x0000000026720000,0x0000000026820000)]
  0x0000000022291800 JavaThread "pool-2-thread-1" [_thread_blocked, id=13492, stack(0x00000000263b0000,0x00000000264b0000)]
  0x0000000022291000 JavaThread "DefaultMessageListenerContainer-1" [_thread_blocked, id=17620, stack(0x0000000025220000,0x0000000025320000)]
  0x0000000022290000 JavaThread "ActiveMQ InactivityMonitor WriteCheckTimer" daemon [_thread_blocked, id=12116, stack(0x0000000025ef0000,0x0000000025ff0000)]
  0x000000002228f800 JavaThread "ActiveMQ Transport: tcp://localhost/127.0.0.1:61616@60334" [_thread_in_native, id=17860, stack(0x000000001efd0000,0x000000001f0d0000)]
  0x000000002228e800 JavaThread "ActiveMQ InactivityMonitor ReadCheckTimer" daemon [_thread_blocked, id=18132, stack(0x0000000025c20000,0x0000000025d20000)]
  0x000000002228e000 JavaThread "quartzScheduler_QuartzSchedulerThread" [_thread_blocked, id=13720, stack(0x0000000025aa0000,0x0000000025ba0000)]
  0x000000002228d000 JavaThread "quartzScheduler_Worker-10" [_thread_blocked, id=18112, stack(0x0000000025920000,0x0000000025a20000)]
  0x00000000221d5000 JavaThread "quartzScheduler_Worker-9" [_thread_blocked, id=13932, stack(0x0000000025820000,0x0000000025920000)]
  0x00000000221d4000 JavaThread "quartzScheduler_Worker-8" [_thread_blocked, id=11044, stack(0x0000000025670000,0x0000000025770000)]
  0x00000000221d3800 JavaThread "quartzScheduler_Worker-7" [_thread_blocked, id=13956, stack(0x0000000024840000,0x0000000024940000)]
  0x00000000221d2800 JavaThread "quartzScheduler_Worker-6" [_thread_blocked, id=13232, stack(0x0000000025490000,0x0000000025590000)]
  0x00000000221d2000 JavaThread "quartzScheduler_Worker-5" [_thread_blocked, id=17920, stack(0x0000000025350000,0x0000000025450000)]
  0x00000000221d1000 JavaThread "quartzScheduler_Worker-4" [_thread_blocked, id=17752, stack(0x0000000025110000,0x0000000025210000)]
  0x00000000221d0800 JavaThread "quartzScheduler_Worker-3" [_thread_blocked, id=17512, stack(0x0000000024ff0000,0x00000000250f0000)]
  0x00000000221cf800 JavaThread "quartzScheduler_Worker-2" [_thread_blocked, id=14804, stack(0x0000000024e60000,0x0000000024f60000)]
  0x00000000221cf000 JavaThread "quartzScheduler_Worker-1" [_thread_blocked, id=15480, stack(0x0000000024d20000,0x0000000024e20000)]
  0x00000000221ce000 JavaThread "Druid-ConnectionPool-Destroy-2000793115" daemon [_thread_blocked, id=17616, stack(0x0000000024980000,0x0000000024a80000)]
  0x000000001f9f4800 JavaThread "Druid-ConnectionPool-Create-2000793115" daemon [_thread_blocked, id=13620, stack(0x0000000022fb0000,0x00000000230b0000)]
  0x000000001f9ef000 JavaThread "Abandoned connection cleanup thread" daemon [_thread_blocked, id=15012, stack(0x0000000024710000,0x0000000024810000)]
  0x000000001f9f3800 JavaThread "container-0" [_thread_blocked, id=17744, stack(0x0000000023160000,0x0000000023260000)]
  0x000000001f9f3000 JavaThread "ContainerBackgroundProcessor[StandardEngine[Tomcat]]" daemon [_thread_blocked, id=17708, stack(0x0000000023f70000,0x0000000024070000)]
  0x000000001f9ed800 JavaThread "RMI Scheduler(0)" daemon [_thread_blocked, id=17972, stack(0x00000000210c0000,0x00000000211c0000)]
  0x000000001e598000 JavaThread "RMI TCP Accept-0" daemon [_thread_in_native, id=11220, stack(0x000000001f410000,0x000000001f510000)]
  0x000000001e48e000 JavaThread "Service Thread" daemon [_thread_blocked, id=17724, stack(0x000000001eb70000,0x000000001ec70000)]
  0x000000001e3dc000 JavaThread "C1 CompilerThread2" daemon [_thread_blocked, id=16464, stack(0x000000001eed0000,0x000000001efd0000)]
  0x000000001e3d6000 JavaThread "C2 CompilerThread1" daemon [_thread_blocked, id=11800, stack(0x000000001ecc0000,0x000000001edc0000)]
  0x000000001e3d3800 JavaThread "C2 CompilerThread0" daemon [_thread_blocked, id=18328, stack(0x000000001ea30000,0x000000001eb30000)]
  0x000000001d4eb000 JavaThread "JDWP Command Reader" daemon [_thread_in_native, id=16876, stack(0x000000001df10000,0x000000001e010000)]
  0x000000001d4e6000 JavaThread "JDWP Event Helper Thread" daemon [_thread_blocked, id=18204, stack(0x000000001dc30000,0x000000001dd30000)]
=>0x000000001d4e1800 JavaThread "JDWP Transport Listener: dt_socket" daemon [_thread_in_vm, id=13036, stack(0x000000001dde0000,0x000000001dee0000)]
  0x000000001d4c2800 JavaThread "Attach Listener" daemon [_thread_blocked, id=18264, stack(0x000000001d9c0000,0x000000001dac0000)]
  0x000000001c06a000 JavaThread "Signal Dispatcher" daemon [_thread_blocked, id=11380, stack(0x000000001d240000,0x000000001d340000)]
  0x000000001c012800 JavaThread "Finalizer" daemon [_thread_blocked, id=7648, stack(0x000000001d3b0000,0x000000001d4b0000)]
  0x000000001c00b800 JavaThread "Reference Handler" daemon [_thread_blocked, id=18016, stack(0x000000001cf50000,0x000000001d050000)]

Other Threads:
  0x000000001c004000 VMThread [stack: 0x000000001d0c0000,0x000000001d1c0000] [id=14236]
  0x000000001e5ec000 WatcherThread [stack: 0x000000001d8b0000,0x000000001d9b0000] [id=17428]

VM state:not at safepoint (normal execution)

VM Mutex/Monitor currently owned by a thread: None

Heap:
 PSYoungGen      total 534016K, used 259704K [0x000000076b400000, 0x0000000797500000, 0x00000007c0000000)
  eden space 502784K, 51% used [0x000000076b400000,0x000000077b19e1b0,0x0000000789f00000)
  from space 31232K, 0% used [0x0000000789f00000,0x0000000789f00000,0x000000078bd80000)
  to   space 36864K, 0% used [0x0000000795100000,0x0000000795100000,0x0000000797500000)
 ParOldGen       total 224768K, used 51038K [0x00000006c1c00000, 0x00000006cf780000, 0x000000076b400000)
  object space 224768K, 22% used [0x00000006c1c00000,0x00000006c4dd7980,0x00000006cf780000)
 Metaspace       used 65532K, capacity 68284K, committed 68608K, reserved 1110016K
  class space    used 8362K, capacity 8847K, committed 8960K, reserved 1048576K

Card table byte_map: [0x0000000011b30000,0x0000000012330000] byte_map_base: 0x000000000e522000

Marking Bits: (ParMarkBitMap*) 0x000000006fe64040
 Begin Bits: [0x0000000012f50000, 0x0000000016ee0000)
 End Bits:   [0x0000000016ee0000, 0x000000001ae70000)

Polling page: 0x0000000000330000

CodeCache: size=245760Kb used=14471Kb max_used=14471Kb free=231288Kb
 bounds [0x0000000002770000, 0x00000000035a0000, 0x0000000011770000]
 total_blobs=7878 nmethods=7279 adapters=518
 compilation: enabled

Compilation events (10 events):
Event: 254.021 Thread 0x000000001e3dc000 7445       1       org.apache.tomcat.util.net.NioEndpoint::access$400 (5 bytes)
Event: 254.022 Thread 0x000000001e3dc000 nmethod 7445 0x0000000003593410 code [0x0000000003593560, 0x0000000003593650]
Event: 288.975 Thread 0x000000001e3dc000 7446       1       java.util.concurrent.ConcurrentHashMap$ValueIterator::next (34 bytes)
Event: 288.975 Thread 0x000000001e3dc000 nmethod 7446 0x00000000035936d0 code [0x0000000003593840, 0x0000000003593a38]
Event: 291.018 Thread 0x000000001e3dc000 7448       1       org.apache.tomcat.util.net.NioBlockingSelector$BlockPoller::events (54 bytes)
Event: 291.019 Thread 0x000000001e3dc000 nmethod 7448 0x0000000003593ed0 code [0x0000000003594060, 0x0000000003594458]
Event: 317.976 Thread 0x000000001e3dc000 7449       1       java.util.Collections$SetFromMap::iterator (10 bytes)
Event: 317.976 Thread 0x000000001e3dc000 nmethod 7449 0x0000000003594610 code [0x0000000003594760, 0x00000000035948a8]
Event: 328.972 Thread 0x000000001e3dc000 7450       1       org.apache.catalina.core.ContainerBase::getBackgroundProcessorDelay (5 bytes)
Event: 328.972 Thread 0x000000001e3dc000 nmethod 7450 0x0000000003594910 code [0x0000000003594a60, 0x0000000003594b70]

GC Heap History (10 events):
Event: 4.180 GC heap before
{Heap before GC invocations=8 (full 2):
 PSYoungGen      total 272896K, used 262144K [0x000000076b400000, 0x0000000782c80000, 0x00000007c0000000)
  eden space 262144K, 100% used [0x000000076b400000,0x000000077b400000,0x000000077b400000)
  from space 10752K, 0% used [0x000000077b400000,0x000000077b400000,0x000000077be80000)
  to   space 18944K, 0% used [0x0000000781a00000,0x0000000781a00000,0x0000000782c80000)
 ParOldGen       total 155648K, used 24694K [0x00000006c1c00000, 0x00000006cb400000, 0x000000076b400000)
  object space 155648K, 15% used [0x00000006c1c00000,0x00000006c341d9d8,0x00000006cb400000)
 Metaspace       used 39651K, capacity 41068K, committed 41216K, reserved 1085440K
  class space    used 5233K, capacity 5550K, committed 5632K, reserved 1048576K
Event: 4.188 GC heap after
Heap after GC invocations=8 (full 2):
 PSYoungGen      total 367104K, used 8502K [0x000000076b400000, 0x0000000785b00000, 0x00000007c0000000)
  eden space 348160K, 0% used [0x000000076b400000,0x000000076b400000,0x0000000780800000)
  from space 18944K, 44% used [0x0000000781a00000,0x000000078224da20,0x0000000782c80000)
  to   space 18432K, 0% used [0x0000000780800000,0x0000000780800000,0x0000000781a00000)
 ParOldGen       total 155648K, used 24702K [0x00000006c1c00000, 0x00000006cb400000, 0x000000076b400000)
  object space 155648K, 15% used [0x00000006c1c00000,0x00000006c341f9d8,0x00000006cb400000)
 Metaspace       used 39651K, capacity 41068K, committed 41216K, reserved 1085440K
  class space    used 5233K, capacity 5550K, committed 5632K, reserved 1048576K
}
Event: 5.799 GC heap before
{Heap before GC invocations=9 (full 2):
 PSYoungGen      total 367104K, used 356662K [0x000000076b400000, 0x0000000785b00000, 0x00000007c0000000)
  eden space 348160K, 100% used [0x000000076b400000,0x0000000780800000,0x0000000780800000)
  from space 18944K, 44% used [0x0000000781a00000,0x000000078224da20,0x0000000782c80000)
  to   space 18432K, 0% used [0x0000000780800000,0x0000000780800000,0x0000000781a00000)
 ParOldGen       total 155648K, used 24702K [0x00000006c1c00000, 0x00000006cb400000, 0x000000076b400000)
  object space 155648K, 15% used [0x00000006c1c00000,0x00000006c341f9d8,0x00000006cb400000)
 Metaspace       used 47549K, capacity 49368K, committed 49536K, reserved 1091584K
  class space    used 6143K, capacity 6494K, committed 6528K, reserved 1048576K
Event: 5.817 GC heap after
Heap after GC invocations=9 (full 2):
 PSYoungGen      total 366592K, used 18423K [0x000000076b400000, 0x000000078d780000, 0x00000007c0000000)
  eden space 348160K, 0% used [0x000000076b400000,0x000000076b400000,0x0000000780800000)
  from space 18432K, 99% used [0x0000000780800000,0x00000007819fdd50,0x0000000781a00000)
  to   space 24576K, 0% used [0x000000078bf80000,0x000000078bf80000,0x000000078d780000)
 ParOldGen       total 155648K, used 30736K [0x00000006c1c00000, 0x00000006cb400000, 0x000000076b400000)
  object space 155648K, 19% used [0x00000006c1c00000,0x00000006c3a043b0,0x00000006cb400000)
 Metaspace       used 47549K, capacity 49368K, committed 49536K, reserved 1091584K
  class space    used 6143K, capacity 6494K, committed 6528K, reserved 1048576K
}
Event: 7.371 GC heap before
{Heap before GC invocations=10 (full 2):
 PSYoungGen      total 366592K, used 366583K [0x000000076b400000, 0x000000078d780000, 0x00000007c0000000)
  eden space 348160K, 100% used [0x000000076b400000,0x0000000780800000,0x0000000780800000)
  from space 18432K, 99% used [0x0000000780800000,0x00000007819fdd50,0x0000000781a00000)
  to   space 24576K, 0% used [0x000000078bf80000,0x000000078bf80000,0x000000078d780000)
 ParOldGen       total 155648K, used 30736K [0x00000006c1c00000, 0x00000006cb400000, 0x000000076b400000)
  object space 155648K, 19% used [0x00000006c1c00000,0x00000006c3a043b0,0x00000006cb400000)
 Metaspace       used 51344K, capacity 53496K, committed 53760K, reserved 1095680K
  class space    used 6639K, capacity 7046K, committed 7168K, reserved 1048576K
Event: 7.394 GC heap after
Heap after GC invocations=10 (full 2):
 PSYoungGen      total 527360K, used 24551K [0x000000076b400000, 0x000000078dc00000, 0x00000007c0000000)
  eden space 502784K, 0% used [0x000000076b400000,0x000000076b400000,0x0000000789f00000)
  from space 24576K, 99% used [0x000000078bf80000,0x000000078d779d30,0x000000078d780000)
  to   space 31232K, 0% used [0x0000000789f00000,0x0000000789f00000,0x000000078bd80000)
 ParOldGen       total 155648K, used 38090K [0x00000006c1c00000, 0x00000006cb400000, 0x000000076b400000)
  object space 155648K, 24% used [0x00000006c1c00000,0x00000006c41328d0,0x00000006cb400000)
 Metaspace       used 51344K, capacity 53496K, committed 53760K, reserved 1095680K
  class space    used 6639K, capacity 7046K, committed 7168K, reserved 1048576K
}
Event: 8.355 GC heap before
{Heap before GC invocations=11 (full 2):
 PSYoungGen      total 527360K, used 191835K [0x000000076b400000, 0x000000078dc00000, 0x00000007c0000000)
  eden space 502784K, 33% used [0x000000076b400000,0x000000077575d040,0x0000000789f00000)
  from space 24576K, 99% used [0x000000078bf80000,0x000000078d779d30,0x000000078d780000)
  to   space 31232K, 0% used [0x0000000789f00000,0x0000000789f00000,0x000000078bd80000)
 ParOldGen       total 155648K, used 38090K [0x00000006c1c00000, 0x00000006cb400000, 0x000000076b400000)
  object space 155648K, 24% used [0x00000006c1c00000,0x00000006c41328d0,0x00000006cb400000)
 Metaspace       used 56724K, capacity 58952K, committed 59160K, reserved 1101824K
  class space    used 7283K, capacity 7689K, committed 7808K, reserved 1048576K
Event: 8.391 GC heap after
Heap after GC invocations=11 (full 2):
 PSYoungGen      total 534016K, used 31210K [0x000000076b400000, 0x0000000797500000, 0x00000007c0000000)
  eden space 502784K, 0% used [0x000000076b400000,0x000000076b400000,0x0000000789f00000)
  from space 31232K, 99% used [0x0000000789f00000,0x000000078bd7a948,0x000000078bd80000)
  to   space 36864K, 0% used [0x0000000795100000,0x0000000795100000,0x0000000797500000)
 ParOldGen       total 155648K, used 39301K [0x00000006c1c00000, 0x00000006cb400000, 0x000000076b400000)
  object space 155648K, 25% used [0x00000006c1c00000,0x00000006c4261640,0x00000006cb400000)
 Metaspace       used 56724K, capacity 58952K, committed 59160K, reserved 1101824K
  class space    used 7283K, capacity 7689K, committed 7808K, reserved 1048576K
}
Event: 8.391 GC heap before
{Heap before GC invocations=12 (full 3):
 PSYoungGen      total 534016K, used 31210K [0x000000076b400000, 0x0000000797500000, 0x00000007c0000000)
  eden space 502784K, 0% used [0x000000076b400000,0x000000076b400000,0x0000000789f00000)
  from space 31232K, 99% used [0x0000000789f00000,0x000000078bd7a948,0x000000078bd80000)
  to   space 36864K, 0% used [0x0000000795100000,0x0000000795100000,0x0000000797500000)
 ParOldGen       total 155648K, used 39301K [0x00000006c1c00000, 0x00000006cb400000, 0x000000076b400000)
  object space 155648K, 25% used [0x00000006c1c00000,0x00000006c4261640,0x00000006cb400000)
 Metaspace       used 56724K, capacity 58952K, committed 59160K, reserved 1101824K
  class space    used 7283K, capacity 7689K, committed 7808K, reserved 1048576K
Event: 8.559 GC heap after
Heap after GC invocations=12 (full 3):
 PSYoungGen      total 534016K, used 0K [0x000000076b400000, 0x0000000797500000, 0x00000007c0000000)
  eden space 502784K, 0% used [0x000000076b400000,0x000000076b400000,0x0000000789f00000)
  from space 31232K, 0% used [0x0000000789f00000,0x0000000789f00000,0x000000078bd80000)
  to   space 36864K, 0% used [0x0000000795100000,0x0000000795100000,0x0000000797500000)
 ParOldGen       total 224768K, used 51038K [0x00000006c1c00000, 0x00000006cf780000, 0x000000076b400000)
  object space 224768K, 22% used [0x00000006c1c00000,0x00000006c4dd7980,0x00000006cf780000)
 Metaspace       used 56724K, capacity 58952K, committed 59160K, reserved 1101824K
  class space    used 7283K, capacity 7689K, committed 7808K, reserved 1048576K
}

Deoptimization events (0 events):
No events

Internal exceptions (10 events):
Event: 139.003 Thread 0x0000000022471000 Exception <a 'java/lang/ArrayIndexOutOfBoundsException'> (0x0000000779674e80) thrown at [D:\re\workspace\8-2-build-windows-amd64-cygwin\jdk8u40\2855\hotspot\src\share\vm\runtime\sharedRuntime.cpp, line 605]
Event: 139.003 Thread 0x0000000022471000 Exception <a 'java/lang/ArrayIndexOutOfBoundsException'> (0x0000000779677908) thrown at [D:\re\workspace\8-2-build-windows-amd64-cygwin\jdk8u40\2855\hotspot\src\share\vm\runtime\sharedRuntime.cpp, line 605]
Event: 139.003 Thread 0x0000000022471000 Exception <a 'java/lang/ArrayIndexOutOfBoundsException'> (0x00000007796793c8) thrown at [D:\re\workspace\8-2-build-windows-amd64-cygwin\jdk8u40\2855\hotspot\src\share\vm\runtime\sharedRuntime.cpp, line 605]
Event: 139.040 Thread 0x000000001f9f0000 Exception <a 'java/lang/ArrayIndexOutOfBoundsException'> (0x0000000773629858) thrown at [D:\re\workspace\8-2-build-windows-amd64-cygwin\jdk8u40\2855\hotspot\src\share\vm\runtime\sharedRuntime.cpp, line 605]
Event: 139.040 Thread 0x000000001f9f0000 Exception <a 'java/lang/ArrayIndexOutOfBoundsException'> (0x000000077362be30) thrown at [D:\re\workspace\8-2-build-windows-amd64-cygwin\jdk8u40\2855\hotspot\src\share\vm\runtime\sharedRuntime.cpp, line 605]
Event: 139.040 Thread 0x000000001f9f0000 Exception <a 'java/lang/ArrayIndexOutOfBoundsException'> (0x000000077362d440) thrown at [D:\re\workspace\8-2-build-windows-amd64-cygwin\jdk8u40\2855\hotspot\src\share\vm\runtime\sharedRuntime.cpp, line 605]
Event: 139.042 Thread 0x000000001f9f0000 Exception <a 'java/lang/reflect/InvocationTargetException'> (0x0000000773666638) thrown at [D:\re\workspace\8-2-build-windows-amd64-cygwin\jdk8u40\2855\hotspot\src\share\vm\runtime\reflection.cpp, line 1080]
Event: 139.042 Thread 0x000000001f9f0000 Exception <a 'java/lang/reflect/InvocationTargetException'> (0x0000000773666980) thrown at [D:\re\workspace\8-2-build-windows-amd64-cygwin\jdk8u40\2855\hotspot\src\share\vm\runtime\reflection.cpp, line 1080]
Event: 139.042 Thread 0x000000001f9f0000 Exception <a 'java/lang/reflect/InvocationTargetException'> (0x0000000773666d18) thrown at [D:\re\workspace\8-2-build-windows-amd64-cygwin\jdk8u40\2855\hotspot\src\share\vm\runtime\reflection.cpp, line 1080]
Event: 139.042 Thread 0x000000001f9f0000 Exception <a 'java/lang/reflect/InvocationTargetException'> (0x00000007736690a8) thrown at [D:\re\workspace\8-2-build-windows-amd64-cygwin\jdk8u40\2855\hotspot\src\share\vm\runtime\reflection.cpp, line 1080]

Events (10 events):
Event: 275.022 Executing VM operation: ChangeBreakpoints
Event: 275.023 Executing VM operation: ChangeBreakpoints done
Event: 275.026 Executing VM operation: ChangeBreakpoints
Event: 275.028 Executing VM operation: ChangeBreakpoints done
Event: 329.437 Executing VM operation: ChangeBreakpoints
Event: 329.438 Executing VM operation: ChangeBreakpoints done
Event: 329.438 Executing VM operation: ChangeBreakpoints
Event: 329.438 Executing VM operation: ChangeBreakpoints done
Event: 329.457 Executing VM operation: RedefineClasses
Event: 329.509 Executing VM operation: RedefineClasses done


Dynamic libraries:
0x000000013f9f0000 - 0x000000013fa27000 	D:\tools\jdk\JDK8_64\bin\java.exe
0x00000000770d0000 - 0x000000007726f000 	C:\Windows\SYSTEM32\ntdll.dll
0x0000000076fb0000 - 0x00000000770cf000 	C:\Windows\system32\kernel32.dll
0x000007fefd0d0000 - 0x000007fefd13a000 	C:\Windows\system32\KERNELBASE.dll
0x000007fefe550000 - 0x000007fefe62b000 	C:\Windows\system32\ADVAPI32.dll
0x000007fefd560000 - 0x000007fefd5ff000 	C:\Windows\system32\msvcrt.dll
0x000007fefd440000 - 0x000007fefd45f000 	C:\Windows\SYSTEM32\sechost.dll
0x000007fefdb30000 - 0x000007fefdc5d000 	C:\Windows\system32\RPCRT4.dll
0x0000000076eb0000 - 0x0000000076faa000 	C:\Windows\system32\USER32.dll
0x000007fefd370000 - 0x000007fefd3d7000 	C:\Windows\system32\GDI32.dll
0x000007fefd430000 - 0x000007fefd43e000 	C:\Windows\system32\LPK.dll
0x000007fefdf50000 - 0x000007fefe01b000 	C:\Windows\system32\USP10.dll
0x000007fefb260000 - 0x000007fefb454000 	C:\Windows\WinSxS\amd64_microsoft.windows.common-controls_6595b64144ccf1df_6.0.7601.18837_none_fa3b1e3d17594757\COMCTL32.dll
0x000007fefd4e0000 - 0x000007fefd551000 	C:\Windows\system32\SHLWAPI.dll
0x000007fefe2f0000 - 0x000007fefe31e000 	C:\Windows\system32\IMM32.DLL
0x000007fefde40000 - 0x000007fefdf49000 	C:\Windows\system32\MSCTF.dll
0x00000000774d0000 - 0x00000000775a2000 	D:\tools\jdk\JDK8_64\jre\bin\msvcr100.dll
0x000000006f660000 - 0x000000006fee3000 	D:\tools\jdk\JDK8_64\jre\bin\server\jvm.dll
0x000007fee9d50000 - 0x000007fee9d59000 	C:\Windows\system32\WSOCK32.dll
0x000007fefd3e0000 - 0x000007fefd42d000 	C:\Windows\system32\WS2_32.dll
0x000007fefd360000 - 0x000007fefd368000 	C:\Windows\system32\NSI.dll
0x000007fef3b20000 - 0x000007fef3b5b000 	C:\Windows\system32\WINMM.dll
0x000007fefbe80000 - 0x000007fefbe8c000 	C:\Windows\system32\VERSION.dll
0x0000000077280000 - 0x0000000077287000 	C:\Windows\system32\PSAPI.DLL
0x0000000050000000 - 0x000000005000f000 	D:\tools\jdk\JDK8_64\jre\bin\verify.dll
0x0000000077470000 - 0x0000000077499000 	D:\tools\jdk\JDK8_64\jre\bin\java.dll
0x000000006eb00000 - 0x000000006eb35000 	D:\tools\jdk\JDK8_64\jre\bin\jdwp.dll
0x000000006eb70000 - 0x000000006eb78000 	D:\tools\jdk\JDK8_64\jre\bin\npt.dll
0x000000006eb40000 - 0x000000006eb63000 	D:\tools\jdk\JDK8_64\jre\bin\instrument.dll
0x00000000774b0000 - 0x00000000774c6000 	D:\tools\jdk\JDK8_64\jre\bin\zip.dll
0x000007fefe630000 - 0x000007feff3bb000 	C:\Windows\system32\SHELL32.dll
0x000007fefd160000 - 0x000007fefd35d000 	C:\Windows\system32\ole32.dll
0x000007fefcda0000 - 0x000007fefcdaf000 	C:\Windows\system32\profapi.dll
0x000000006eaf0000 - 0x000000006eaf9000 	D:\tools\jdk\JDK8_64\jre\bin\dt_socket.dll
0x000007fefc570000 - 0x000007fefc5c5000 	C:\Windows\system32\mswsock.dll
0x000007fefbf50000 - 0x000007fefbf57000 	C:\Windows\System32\wshtcpip.dll
0x000007fefc5d0000 - 0x000007fefc5e8000 	C:\Windows\system32\CRYPTSP.dll
0x000007fefc2d0000 - 0x000007fefc317000 	C:\Windows\system32\rsaenh.dll
0x000007fefd140000 - 0x000007fefd15e000 	C:\Windows\system32\USERENV.dll
0x000007fefcc40000 - 0x000007fefcc4f000 	C:\Windows\system32\CRYPTBASE.dll
0x0000000077450000 - 0x000000007746a000 	D:\tools\jdk\JDK8_64\jre\bin\net.dll
0x000007fefc560000 - 0x000007fefc567000 	C:\Windows\System32\wship6.dll
0x000007fefb1d0000 - 0x000007fefb1f7000 	C:\Windows\system32\IPHLPAPI.DLL
0x000007fefb1b0000 - 0x000007fefb1bb000 	C:\Windows\system32\WINNSI.DLL
0x000007fefafa0000 - 0x000007fefafb1000 	C:\Windows\system32\dhcpcsvc6.DLL
0x000007fefafc0000 - 0x000007fefafd8000 	C:\Windows\system32\dhcpcsvc.DLL
0x0000000077430000 - 0x0000000077441000 	D:\tools\jdk\JDK8_64\jre\bin\nio.dll
0x000007fefc3f0000 - 0x000007fefc44b000 	C:\Windows\system32\DNSAPI.dll
0x000007fef6ac0000 - 0x000007fef6ac8000 	C:\Windows\system32\rasadhlp.dll
0x000007fefb060000 - 0x000007fefb0b3000 	C:\Windows\System32\fwpuclnt.dll
0x000000006f450000 - 0x000000006f45d000 	D:\tools\jdk\JDK8_64\jre\bin\management.dll
0x000007fefb530000 - 0x000007fefb545000 	C:\Windows\system32\NLAapi.dll
0x000007fef4990000 - 0x000007fef49a5000 	C:\Windows\system32\napinsp.dll
0x000007fef4970000 - 0x000007fef4989000 	C:\Windows\system32\pnrpnsp.dll
0x000007fef4960000 - 0x000007fef496b000 	C:\Windows\System32\winrnr.dll
0x0000000070a90000 - 0x0000000070ab4000 	D:\tools\jdk\JDK8_64\jre\bin\sunec.dll
0x000007fef89d0000 - 0x000007fef8af5000 	C:\Windows\system32\dbghelp.dll

VM Arguments:
jvm_args: -agentlib:jdwp=transport=dt_socket,address=127.0.0.1:60322,suspend=y,server=n -XX:TieredStopAtLevel=1 -Xverify:none -Dspring.output.ansi.enabled=always -Dcom.sun.management.jmxremote -Dspring.liveBeansView.mbeanDomain -Dspring.application.admin.enabled=true -javaagent:C:\Users\Administrator\.IntelliJIdea2018.3\system\captureAgent\debugger-agent.jar -Dfile.encoding=UTF-8 
java_command: com.basics.BasicsApplication
java_class_path (initial): D:\tools\jdk\JDK8_64\jre\lib\charsets.jar;D:\tools\jdk\JDK8_64\jre\lib\deploy.jar;D:\tools\jdk\JDK8_64\jre\lib\ext\access-bridge-64.jar;D:\tools\jdk\JDK8_64\jre\lib\ext\cldrdata.jar;D:\tools\jdk\JDK8_64\jre\lib\ext\dnsns.jar;D:\tools\jdk\JDK8_64\jre\lib\ext\jaccess.jar;D:\tools\jdk\JDK8_64\jre\lib\ext\jfxrt.jar;D:\tools\jdk\JDK8_64\jre\lib\ext\localedata.jar;D:\tools\jdk\JDK8_64\jre\lib\ext\nashorn.jar;D:\tools\jdk\JDK8_64\jre\lib\ext\sunec.jar;D:\tools\jdk\JDK8_64\jre\lib\ext\sunjce_provider.jar;D:\tools\jdk\JDK8_64\jre\lib\ext\sunmscapi.jar;D:\tools\jdk\JDK8_64\jre\lib\ext\sunpkcs11.jar;D:\tools\jdk\JDK8_64\jre\lib\ext\zipfs.jar;D:\tools\jdk\JDK8_64\jre\lib\javaws.jar;D:\tools\jdk\JDK8_64\jre\lib\jce.jar;D:\tools\jdk\JDK8_64\jre\lib\jfr.jar;D:\tools\jdk\JDK8_64\jre\lib\jfxswt.jar;D:\tools\jdk\JDK8_64\jre\lib\jsse.jar;D:\tools\jdk\JDK8_64\jre\lib\management-agent.jar;D:\tools\jdk\JDK8_64\jre\lib\plugin.jar;D:\tools\jdk\JDK8_64\jre\lib\resources.jar;D:\tools\jdk\JDK8_64\jre\lib\rt.jar;D:\content\base\demo\target\classes;C:\Users\Administrator\.m2\repository\org\springframework\boot\spring-boot-starter\2.0.5.RELEASE\spring-boot-starter-2.0.5.RELEASE.jar;C:\Users\Administrator\.m2\repository\org\springframework\boot\spring-boot\2.0.5.RELEASE\spring-boot-2.0.5.RELEASE.jar;C:\Users\Administrator\.m2\repository\org\springframework\boot\spring-boot-autoconfigure\2.0.5.RELEASE\spring-boot-autoconfigure-2.0.5.RELEASE.jar;C:\Users\Administrator\.m2\repository\org\springframework\boot\spring-boot-starter-logging\2.0.5.RELEASE\spring-boot-starter-logging-2.0.5.RELEASE.jar;C:\Users\Administrator\.m2\repository\ch\qos\logback\logback-classic\1.2.3\logback-classic-1.2.3.jar;C:\Users\Administrator\.m2\repository\ch\qos\logback\logback-core\1.2.3\logback-core-1.2.3.jar;C:\Users\Administrator\.m2\repository\org\apache\logging\log4j\log4j-to-slf4j\2.10.0\log4j-to-slf4j-2.10.0.jar;C:\Users\Administrator\.m2\repository\org\apache\logging\log4j\log4j-api\2.1
Launcher Type: SUN_STANDARD

Environment Variables:
JAVA_HOME=D:\tools\jdk\JDK8_64
CLASSPATH=.;D:\tools\jdk\JDK8_64\lib;D:\tools\jdk\JDK8_64\lib\tools.jar
PATH=C:\Windows\system32;C:\Windows;C:\Windows\System32\Wbem;C:\Windows\System32\WindowsPowerShell\v1.0\ ;D:\tools\jdk\JDK8_64\bin;D:\tools\maven\apache-maven-3.6.2\bin;D:\tools\mysql\mysql-8.0.18-winx64\bin;D:\tools\Git\cmd;D:\tools\mysql\mysql-8.0.18-winx64\bin
USERNAME=Administrator
OS=Windows_NT
PROCESSOR_IDENTIFIER=Intel64 Family 6 Model 94 Stepping 3, GenuineIntel



---------------  S Y S T E M  ---------------

OS: Windows 7 , 64 bit Build 7601 (6.1.7601.24094)

CPU:total 4 (4 cores per cpu, 1 threads per core) family 6 model 94 stepping 3, cmov, cx8, fxsr, mmx, sse, sse2, sse3, ssse3, sse4.1, sse4.2, popcnt, avx, avx2, aes, clmul, erms, 3dnowpref, lzcnt, tsc, tscinvbit, bmi1, bmi2, adx

Memory: 4k page, physical 16661108k(7267852k free), swap 33320340k(21088592k free)

vm_info: Java HotSpot(TM) 64-Bit Server VM (25.40-b25) for windows-amd64 JRE (1.8.0_40-b25), built on Feb 10 2015 21:53:57 by "java_re" with MS VC++ 10.0 (VS2010)

time: Fri Nov 01 15:34:08 2019
elapsed time: 329 seconds (0d 0h 5m 29s)

